2024-05-20 23:17:09,963 - MaaCore[INFO][连接相关信息]@82f32d18877aa5a0-UuidGot
2024-05-20 23:17:10,040 - MaaCore[INFO][连接相关信息]@82f32d18877aa5a0-ResolutionGot
2024-05-20 23:17:10,040 - MaaCore[INFO][连接相关信息]@82f32d18877aa5a0-Connected
2024-05-20 23:17:11,273 - MaaCore[INFO][连接相关信息]@82f32d18877aa5a0-FastestWayToScreencap
2024-05-20 23:30:54,919 - MaaCore[INFO][连接相关信息]@82f32d18877aa5a0-UuidGot
2024-05-20 23:30:54,996 - MaaCore[INFO][连接相关信息]@82f32d18877aa5a0-ResolutionGot
2024-05-20 23:30:54,997 - MaaCore[INFO][连接相关信息]@82f32d18877aa5a0-Connected
2024-05-20 23:30:56,637 - MaaCore[INFO][连接相关信息]@82f32d18877aa5a0-FastestWayToScreencap
2024-05-20 23:43:01,119 - MaaCore[INFO][连接相关信息]@82f32d18877aa5a0-UuidGot
2024-05-20 23:43:01,200 - MaaCore[INFO][连接相关信息]@82f32d18877aa5a0-ResolutionGot
2024-05-20 23:43:01,200 - MaaCore[INFO][连接相关信息]@82f32d18877aa5a0-Connected
2024-05-20 23:43:02,439 - MaaCore[INFO][连接相关信息]@82f32d18877aa5a0-FastestWayToScreencap
2024-05-20 23:46:16,556 - MaaCore[INFO][连接相关信息]@82f32d18877aa5a0-UuidGot
2024-05-20 23:46:16,634 - MaaCore[INFO][连接相关信息]@82f32d18877aa5a0-ResolutionGot
2024-05-20 23:46:16,634 - MaaCore[INFO][连接相关信息]@82f32d18877aa5a0-Connected
2024-05-20 23:46:18,276 - MaaCore[INFO][连接相关信息]@82f32d18877aa5a0-FastestWayToScreencap
2024-05-20 23:50:20,176 - MaaCore[INFO][连接相关信息]@82f32d18877aa5a0-UuidGot
2024-05-20 23:50:20,253 - MaaCore[INFO][连接相关信息]@82f32d18877aa5a0-ResolutionGot
2024-05-20 23:50:20,253 - MaaCore[INFO][连接相关信息]@82f32d18877aa5a0-Connected
2024-05-20 23:50:21,847 - MaaCore[INFO][连接相关信息]@82f32d18877aa5a0-FastestWayToScreencap
2024-05-20 23:51:09,740 - MaaCore[INFO][连接相关信息]@82f32d18877aa5a0-UuidGot
2024-05-20 23:51:09,822 - MaaCore[INFO][连接相关信息]@82f32d18877aa5a0-ResolutionGot
2024-05-20 23:51:09,823 - MaaCore[INFO][连接相关信息]@82f32d18877aa5a0-Connected
2024-05-20 23:51:11,101 - MaaCore[INFO][连接相关信息]@82f32d18877aa5a0-FastestWayToScreencap
2024-05-20 23:51:56,036 - MaaCore[INFO][连接相关信息]@82f32d18877aa5a0-UuidGot
2024-05-20 23:51:56,127 - MaaCore[INFO][连接相关信息]@82f32d18877aa5a0-ResolutionGot
2024-05-20 23:51:56,127 - MaaCore[INFO][连接相关信息]@82f32d18877aa5a0-Connected
2024-05-20 23:51:57,385 - MaaCore[INFO][连接相关信息]@82f32d18877aa5a0-FastestWayToScreencap
2024-05-20 23:53:15,854 - MaaCore[INFO][连接相关信息]@82f32d18877aa5a0-UuidGot
2024-05-20 23:53:15,930 - MaaCore[INFO][连接相关信息]@82f32d18877aa5a0-ResolutionGot
2024-05-20 23:53:15,931 - MaaCore[INFO][连接相关信息]@82f32d18877aa5a0-Connected
2024-05-20 23:53:17,481 - MaaCore[INFO][连接相关信息]@82f32d18877aa5a0-FastestWayToScreencap
2024-05-20 23:53:23,171 - MaaCore[INFO][任务链开始]@82f32d18877aa5a0-CloseDown-1
2024-05-20 23:53:23,172 - MaaCore[INFO][原子任务开始]@82f32d18877aa5a0-StopGameTask-1
2024-05-20 23:53:36,976 - MaaCore[INFO][连接相关信息]@82f32d18877aa5a0-UuidGot
2024-05-20 23:53:37,055 - MaaCore[INFO][连接相关信息]@82f32d18877aa5a0-ResolutionGot
2024-05-20 23:53:37,055 - MaaCore[INFO][连接相关信息]@82f32d18877aa5a0-Connected
2024-05-20 23:53:38,707 - MaaCore[INFO][连接相关信息]@82f32d18877aa5a0-FastestWayToScreencap
2024-05-20 23:53:42,458 - MaaCore[INFO][任务链开始]@82f32d18877aa5a0-CloseDown-1
2024-05-20 23:53:42,458 - MaaCore[INFO][原子任务开始]@82f32d18877aa5a0-StopGameTask-1
2024-05-20 23:53:42,686 - MaaCore[INFO][原子任务完成]@82f32d18877aa5a0-StopGameTask-1
2024-05-20 23:53:42,686 - MaaCore[INFO][任务链完成]@82f32d18877aa5a0-CloseDown-1
2024-05-20 23:53:43,187 - MaaCore[INFO][任务链开始]@82f32d18877aa5a0-StartUp-2
2024-05-20 23:53:43,187 - MaaCore[INFO][原子任务开始]@82f32d18877aa5a0-StartGameTask-2
2024-05-21 00:28:31,051 - MaaCore[INFO][连接相关信息]@82f32d18877aa5a0-UuidGot
2024-05-21 00:28:31,124 - MaaCore[INFO][连接相关信息]@82f32d18877aa5a0-ResolutionGot
2024-05-21 00:28:31,125 - MaaCore[INFO][连接相关信息]@82f32d18877aa5a0-Connected
2024-05-21 00:28:32,620 - MaaCore[INFO][连接相关信息]@82f32d18877aa5a0-FastestWayToScreencap
2024-05-21 00:28:35,770 - MaaCore[INFO][任务链开始]@82f32d18877aa5a0-CloseDown-1
2024-05-21 00:28:35,771 - MaaCore[INFO][原子任务开始]@82f32d18877aa5a0-StopGameTask-1
2024-05-21 00:28:36,000 - MaaCore[INFO][原子任务完成]@82f32d18877aa5a0-StopGameTask-1
2024-05-21 00:28:36,000 - MaaCore[INFO][任务链完成]@82f32d18877aa5a0-CloseDown-1
2024-05-21 00:28:36,502 - MaaCore[INFO][任务链开始]@82f32d18877aa5a0-StartUp-2
2024-05-21 00:28:36,502 - MaaCore[INFO][原子任务开始]@82f32d18877aa5a0-StartGameTask-2
2024-05-21 00:29:08,703 - MaaCore[INFO][连接相关信息]@82f32d18877aa5a0-UuidGot
2024-05-21 00:29:08,783 - MaaCore[INFO][连接相关信息]@82f32d18877aa5a0-ResolutionGot
2024-05-21 00:29:08,783 - MaaCore[INFO][连接相关信息]@82f32d18877aa5a0-Connected
2024-05-21 00:29:10,111 - MaaCore[INFO][连接相关信息]@82f32d18877aa5a0-FastestWayToScreencap
2024-05-21 00:29:54,504 - MaaCore[INFO][任务链开始]@82f32d18877aa5a0-CloseDown-1
2024-05-21 00:29:54,504 - MaaCore[INFO][原子任务开始]@82f32d18877aa5a0-StopGameTask-1
2024-05-21 00:29:54,720 - MaaCore[INFO][原子任务完成]@82f32d18877aa5a0-StopGameTask-1
2024-05-21 00:29:54,721 - MaaCore[INFO][任务链完成]@82f32d18877aa5a0-CloseDown-1
2024-05-21 00:29:55,222 - MaaCore[INFO][任务链开始]@82f32d18877aa5a0-StartUp-2
2024-05-21 00:29:55,222 - MaaCore[INFO][原子任务开始]@82f32d18877aa5a0-StartGameTask-2
2024-05-21 00:30:02,320 - MaaCore[INFO][原子任务完成]@82f32d18877aa5a0-StartGameTask-2
2024-05-21 00:30:02,827 - MaaCore[INFO][原子任务开始]@82f32d18877aa5a0-AccountSwitchTask-2
2024-05-21 00:30:02,827 - MaaCore[INFO][原子任务开始]@82f32d18877aa5a0-ProcessTask-2
2024-05-21 00:30:02,828 - MaaCore[INFO][原子任务完成]@82f32d18877aa5a0-ProcessTask-2
2024-05-21 00:30:06,211 - MaaCore[INFO][原子任务开始]@82f32d18877aa5a0-ProcessTask-2
2024-05-21 00:30:09,312 - MaaCore[INFO][原子任务完成]@82f32d18877aa5a0-ProcessTask-2
2024-05-21 00:30:21,351 - MaaCore[INFO][连接相关信息]@82f32d18877aa5a0-UuidGot
2024-05-21 00:30:21,427 - MaaCore[INFO][连接相关信息]@82f32d18877aa5a0-ResolutionGot
2024-05-21 00:30:21,427 - MaaCore[INFO][连接相关信息]@82f32d18877aa5a0-Connected
2024-05-21 00:30:22,737 - MaaCore[INFO][连接相关信息]@82f32d18877aa5a0-FastestWayToScreencap
2024-05-21 00:30:26,333 - MaaCore[INFO][任务链开始]@82f32d18877aa5a0-CloseDown-1
2024-05-21 00:30:26,333 - MaaCore[INFO][原子任务开始]@82f32d18877aa5a0-StopGameTask-1
2024-05-21 00:30:26,374 - MaaCore[INFO][原子任务完成]@82f32d18877aa5a0-StopGameTask-1
2024-05-21 00:30:26,375 - MaaCore[INFO][任务链完成]@82f32d18877aa5a0-CloseDown-1
2024-05-21 00:30:26,875 - MaaCore[INFO][任务链开始]@82f32d18877aa5a0-StartUp-2
2024-05-21 00:30:26,875 - MaaCore[INFO][原子任务开始]@82f32d18877aa5a0-StartGameTask-2
2024-05-21 00:30:33,856 - MaaCore[INFO][原子任务完成]@82f32d18877aa5a0-StartGameTask-2
2024-05-21 00:30:34,356 - MaaCore[INFO][原子任务开始]@82f32d18877aa5a0-AccountSwitchTask-2
2024-05-21 00:30:34,357 - MaaCore[INFO][原子任务开始]@82f32d18877aa5a0-ProcessTask-2
2024-05-21 00:30:34,357 - MaaCore[INFO][原子任务完成]@82f32d18877aa5a0-ProcessTask-2
2024-05-21 00:30:37,865 - MaaCore[INFO][原子任务开始]@82f32d18877aa5a0-ProcessTask-2
2024-05-21 00:30:40,966 - MaaCore[INFO][原子任务完成]@82f32d18877aa5a0-ProcessTask-2
2024-05-21 00:30:41,690 - MaaCore[INFO][原子任务开始]@82f32d18877aa5a0-ProcessTask-2
2024-05-21 00:30:41,690 - MaaCore[INFO][原子任务完成]@82f32d18877aa5a0-ProcessTask-2
2024-05-21 00:30:42,469 - MaaCore[INFO][原子任务开始]@82f32d18877aa5a0-ProcessTask-2
2024-05-21 00:30:42,570 - MaaCore[INFO][原子任务完成]@82f32d18877aa5a0-ProcessTask-2
2024-05-21 00:30:43,070 - MaaCore[INFO][原子任务开始]@82f32d18877aa5a0-ProcessTask-2
2024-05-21 00:30:46,071 - MaaCore[INFO][原子任务完成]@82f32d18877aa5a0-ProcessTask-2
2024-05-21 00:30:46,848 - MaaCore[INFO][原子任务开始]@82f32d18877aa5a0-ProcessTask-2
2024-05-21 00:30:46,849 - MaaCore[INFO][原子任务完成]@82f32d18877aa5a0-ProcessTask-2
2024-05-21 00:30:47,537 - MaaCore[INFO][原子任务开始]@82f32d18877aa5a0-ProcessTask-2
2024-05-21 00:30:47,637 - MaaCore[INFO][原子任务完成]@82f32d18877aa5a0-ProcessTask-2
2024-05-21 00:30:47,638 - MaaCore[INFO][原子任务完成]@82f32d18877aa5a0-AccountSwitchTask-2
2024-05-21 00:30:48,419 - MaaCore[INFO][原子任务开始]@82f32d18877aa5a0-ProcessTask-2
2024-05-21 00:30:48,419 - MaaCore[INFO][原子任务完成]@82f32d18877aa5a0-ProcessTask-2
2024-05-21 00:30:49,690 - MaaCore[INFO][连接相关信息]@82f32d18877aa5a0-ScreencapCost
2024-05-21 00:30:59,004 - MaaCore[INFO][原子任务开始]@82f32d18877aa5a0-ProcessTask-2
2024-05-21 00:30:59,004 - MaaCore[INFO][原子任务完成]@82f32d18877aa5a0-ProcessTask-2
2024-05-21 00:31:00,821 - MaaCore[INFO][原子任务开始]@82f32d18877aa5a0-ProcessTask-2
2024-05-21 00:31:01,822 - MaaCore[INFO][原子任务完成]@82f32d18877aa5a0-ProcessTask-2
2024-05-21 00:31:03,310 - MaaCore[INFO][原子任务开始]@82f32d18877aa5a0-ProcessTask-2
2024-05-21 00:31:04,310 - MaaCore[INFO][原子任务完成]@82f32d18877aa5a0-ProcessTask-2
2024-05-21 00:31:05,804 - MaaCore[INFO][原子任务开始]@82f32d18877aa5a0-ProcessTask-2
2024-05-21 00:31:06,804 - MaaCore[INFO][原子任务完成]@82f32d18877aa5a0-ProcessTask-2
2024-05-21 00:31:08,291 - MaaCore[INFO][连接相关信息]@82f32d18877aa5a0-ScreencapCost
2024-05-21 00:31:08,299 - MaaCore[INFO][原子任务额外信息]@
2024-05-21 00:31:09,300 - MaaCore[INFO][任务链完成]@82f32d18877aa5a0-StartUp-2
2024-05-21 00:31:09,801 - MaaCore[INFO][任务链开始]@82f32d18877aa5a0-Recruit-3
2024-05-21 00:31:09,807 - MaaCore[INFO][原子任务开始]@82f32d18877aa5a0-AutoRecruitTask-3
2024-05-21 00:31:09,807 - MaaCore[INFO][原子任务开始]@82f32d18877aa5a0-ProcessTask-3
2024-05-21 00:31:09,808 - MaaCore[INFO][原子任务完成]@82f32d18877aa5a0-ProcessTask-3
2024-05-21 00:31:10,858 - MaaCore[INFO][原子任务开始]@82f32d18877aa5a0-ProcessTask-3
2024-05-21 00:31:10,958 - MaaCore[INFO][原子任务完成]@82f32d18877aa5a0-ProcessTask-3
2024-05-21 00:31:11,771 - MaaCore[INFO][原子任务开始]@82f32d18877aa5a0-ProcessTask-3
2024-05-21 00:31:11,771 - MaaCore[INFO][原子任务完成]@82f32d18877aa5a0-ProcessTask-3
2024-05-21 00:31:12,577 - MaaCore[INFO][原子任务开始]@82f32d18877aa5a0-ProcessTask-3
2024-05-21 00:31:12,578 - MaaCore[INFO][原子任务完成]@82f32d18877aa5a0-ProcessTask-3
2024-05-21 00:31:13,281 - MaaCore[INFO][原子任务开始]@82f32d18877aa5a0-ProcessTask-3
2024-05-21 00:31:13,381 - MaaCore[INFO][原子任务完成]@82f32d18877aa5a0-ProcessTask-3
2024-05-21 00:31:14,213 - MaaCore[INFO][原子任务开始]@82f32d18877aa5a0-ProcessTask-3
2024-05-21 00:31:14,313 - MaaCore[INFO][原子任务完成]@82f32d18877aa5a0-ProcessTask-3
2024-05-21 00:31:15,340 - MaaCore[INFO][原子任务开始]@82f32d18877aa5a0-ProcessTask-3
2024-05-21 00:31:15,441 - MaaCore[INFO][原子任务完成]@82f32d18877aa5a0-ProcessTask-3
2024-05-21 00:31:16,395 - MaaCore[INFO][原子任务开始]@82f32d18877aa5a0-ProcessTask-3
2024-05-21 00:31:16,496 - MaaCore[INFO][原子任务完成]@82f32d18877aa5a0-ProcessTask-3
2024-05-21 00:31:17,435 - MaaCore[INFO][原子任务开始]@82f32d18877aa5a0-ProcessTask-3
2024-05-21 00:31:17,535 - MaaCore[INFO][原子任务完成]@82f32d18877aa5a0-ProcessTask-3
2024-05-21 00:31:18,340 - MaaCore[INFO][连接相关信息]@82f32d18877aa5a0-ScreencapCost
2024-05-21 00:31:18,397 - MaaCore[INFO][原子任务开始]@82f32d18877aa5a0-ProcessTask-3
2024-05-21 00:31:18,498 - MaaCore[INFO][原子任务完成]@82f32d18877aa5a0-ProcessTask-3
2024-05-21 00:31:19,499 - MaaCore[INFO][原子任务开始]@82f32d18877aa5a0-ProcessTask-3
2024-05-21 00:31:19,599 - MaaCore[INFO][原子任务完成]@82f32d18877aa5a0-ProcessTask-3
2024-05-21 00:31:20,471 - MaaCore[INFO][原子任务开始]@82f32d18877aa5a0-ProcessTask-3
2024-05-21 00:31:20,572 - MaaCore[INFO][原子任务完成]@82f32d18877aa5a0-ProcessTask-3
2024-05-21 00:31:21,699 - MaaCore[INFO][原子任务开始]@82f32d18877aa5a0-ProcessTask-3
2024-05-21 00:31:21,800 - MaaCore[INFO][原子任务完成]@82f32d18877aa5a0-ProcessTask-3
2024-05-21 00:31:22,758 - MaaCore[INFO][原子任务开始]@82f32d18877aa5a0-ProcessTask-3
2024-05-21 00:31:22,859 - MaaCore[INFO][原子任务完成]@82f32d18877aa5a0-ProcessTask-3
2024-05-21 00:31:23,734 - MaaCore[INFO][原子任务开始]@82f32d18877aa5a0-ProcessTask-3
2024-05-21 00:31:23,734 - MaaCore[INFO][原子任务完成]@82f32d18877aa5a0-ProcessTask-3
2024-05-21 00:31:25,154 - MaaCore[INFO][原子任务额外信息]@
2024-05-21 00:31:25,154 - MaaCore[INFO][原子任务额外信息]@
2024-05-21 00:31:25,355 - MaaCore[INFO][原子任务额外信息]@
2024-05-21 00:31:26,466 - MaaCore[INFO][原子任务开始]@82f32d18877aa5a0-ProcessTask-3
2024-05-21 00:31:26,566 - MaaCore[INFO][原子任务完成]@82f32d18877aa5a0-ProcessTask-3
2024-05-21 00:31:27,369 - MaaCore[INFO][连接相关信息]@82f32d18877aa5a0-ScreencapCost
2024-05-21 00:31:27,433 - MaaCore[INFO][原子任务开始]@82f32d18877aa5a0-ProcessTask-3
2024-05-21 00:31:27,433 - MaaCore[INFO][原子任务完成]@82f32d18877aa5a0-ProcessTask-3
2024-05-21 00:31:28,934 - MaaCore[INFO][原子任务额外信息]@
2024-05-21 00:31:28,935 - MaaCore[INFO][原子任务额外信息]@
2024-05-21 00:31:29,136 - MaaCore[INFO][原子任务额外信息]@
2024-05-21 00:31:30,182 - MaaCore[INFO][原子任务开始]@82f32d18877aa5a0-ProcessTask-3
2024-05-21 00:31:30,282 - MaaCore[INFO][原子任务完成]@82f32d18877aa5a0-ProcessTask-3
2024-05-21 00:31:35,368 - MaaCore[INFO][连接相关信息]@82f32d18877aa5a0-ScreencapCost
2024-05-21 00:31:35,924 - MaaCore[INFO][原子任务执行/识别错误]@82f32d18877aa5a0-ProcessTask-3
2024-05-21 00:31:36,232 - MaaCore[INFO][原子任务开始]@82f32d18877aa5a0-ProcessTask-3
2024-05-21 00:31:38,333 - MaaCore[INFO][原子任务完成]@82f32d18877aa5a0-ProcessTask-3
2024-05-21 00:31:39,857 - MaaCore[INFO][原子任务额外信息]@
2024-05-21 00:31:39,858 - MaaCore[INFO][原子任务额外信息]@
2024-05-21 00:31:40,058 - MaaCore[INFO][原子任务额外信息]@
2024-05-21 00:31:41,115 - MaaCore[INFO][原子任务开始]@82f32d18877aa5a0-ProcessTask-3
2024-05-21 00:31:41,216 - MaaCore[INFO][原子任务完成]@82f32d18877aa5a0-ProcessTask-3
2024-05-21 00:31:45,390 - MaaCore[INFO][连接相关信息]@82f32d18877aa5a0-ScreencapCost
2024-05-21 00:31:46,798 - MaaCore[INFO][原子任务执行/识别错误]@82f32d18877aa5a0-ProcessTask-3
2024-05-21 00:31:47,071 - MaaCore[INFO][原子任务开始]@82f32d18877aa5a0-ProcessTask-3
2024-05-21 00:31:49,172 - MaaCore[INFO][原子任务完成]@82f32d18877aa5a0-ProcessTask-3
2024-05-21 00:31:50,723 - MaaCore[INFO][原子任务额外信息]@
2024-05-21 00:31:50,723 - MaaCore[INFO][原子任务额外信息]@
2024-05-21 00:31:50,924 - MaaCore[INFO][原子任务额外信息]@
2024-05-21 00:31:52,010 - MaaCore[INFO][原子任务开始]@82f32d18877aa5a0-ProcessTask-3
2024-05-21 00:31:52,111 - MaaCore[INFO][原子任务完成]@82f32d18877aa5a0-ProcessTask-3
2024-05-21 00:31:55,444 - MaaCore[INFO][连接相关信息]@82f32d18877aa5a0-ScreencapCost
2024-05-21 00:31:57,755 - MaaCore[INFO][原子任务执行/识别错误]@82f32d18877aa5a0-ProcessTask-3
2024-05-21 00:31:58,023 - MaaCore[INFO][原子任务开始]@82f32d18877aa5a0-ProcessTask-3
2024-05-21 00:32:00,124 - MaaCore[INFO][原子任务完成]@82f32d18877aa5a0-ProcessTask-3
2024-05-21 00:32:01,155 - MaaCore[INFO][原子任务开始]@82f32d18877aa5a0-ProcessTask-3
2024-05-21 00:32:01,155 - MaaCore[INFO][原子任务完成]@82f32d18877aa5a0-ProcessTask-3
2024-05-21 00:32:01,963 - MaaCore[INFO][原子任务开始]@82f32d18877aa5a0-ProcessTask-3
2024-05-21 00:32:01,964 - MaaCore[INFO][原子任务完成]@82f32d18877aa5a0-ProcessTask-3
2024-05-21 00:32:03,332 - MaaCore[INFO][原子任务开始]@82f32d18877aa5a0-ProcessTask-3
2024-05-21 00:32:03,332 - MaaCore[INFO][原子任务完成]@82f32d18877aa5a0-ProcessTask-3
2024-05-21 00:32:04,190 - MaaCore[INFO][原子任务开始]@82f32d18877aa5a0-ProcessTask-3
2024-05-21 00:32:04,191 - MaaCore[INFO][原子任务完成]@82f32d18877aa5a0-ProcessTask-3
2024-05-21 00:32:04,839 - MaaCore[INFO][连接相关信息]@82f32d18877aa5a0-ScreencapCost
2024-05-21 00:32:05,562 - MaaCore[INFO][原子任务开始]@82f32d18877aa5a0-ProcessTask-3
2024-05-21 00:32:05,563 - MaaCore[INFO][原子任务完成]@82f32d18877aa5a0-ProcessTask-3
2024-05-21 00:32:06,384 - MaaCore[INFO][原子任务开始]@82f32d18877aa5a0-ProcessTask-3
2024-05-21 00:32:06,385 - MaaCore[INFO][原子任务完成]@82f32d18877aa5a0-ProcessTask-3
2024-05-21 00:32:07,776 - MaaCore[INFO][原子任务执行/识别错误]@82f32d18877aa5a0-AutoRecruitTask-3
2024-05-21 00:32:07,777 - MaaCore[INFO][任务链执行/识别错误]@
2024-05-21 00:32:08,277 - MaaCore[INFO][任务链开始]@82f32d18877aa5a0-Infrast-4
2024-05-21 00:32:08,277 - MaaCore[INFO][原子任务开始]@82f32d18877aa5a0-ProcessTask-4
2024-05-21 00:32:08,277 - MaaCore[INFO][原子任务完成]@82f32d18877aa5a0-ProcessTask-4
2024-05-21 00:32:09,139 - MaaCore[INFO][原子任务开始]@82f32d18877aa5a0-ProcessTask-4
2024-05-21 00:32:09,239 - MaaCore[INFO][原子任务完成]@82f32d18877aa5a0-ProcessTask-4
2024-05-21 00:32:10,277 - MaaCore[INFO][原子任务开始]@82f32d18877aa5a0-ProcessTask-4
2024-05-21 00:32:15,377 - MaaCore[INFO][原子任务完成]@82f32d18877aa5a0-ProcessTask-4
2024-05-21 00:32:16,229 - MaaCore[INFO][原子任务开始]@82f32d18877aa5a0-ProcessTask-4
2024-05-21 00:32:16,229 - MaaCore[INFO][原子任务完成]@82f32d18877aa5a0-ProcessTask-4
2024-05-21 00:32:17,018 - MaaCore[INFO][原子任务开始]@82f32d18877aa5a0-ProcessTask-4
2024-05-21 00:32:17,018 - MaaCore[INFO][原子任务完成]@82f32d18877aa5a0-ProcessTask-4
2024-05-21 00:32:17,522 - MaaCore[INFO][原子任务开始]@82f32d18877aa5a0-InfrastInfoTask-4
2024-05-21 00:32:17,522 - MaaCore[INFO][原子任务开始]@82f32d18877aa5a0-ProcessTask-4
2024-05-21 00:32:17,873 - MaaCore[INFO][原子任务完成]@82f32d18877aa5a0-ProcessTask-4
2024-05-21 00:32:19,066 - MaaCore[INFO][原子任务完成]@82f32d18877aa5a0-InfrastInfoTask-4
2024-05-21 00:32:19,572 - MaaCore[INFO][原子任务开始]@82f32d18877aa5a0-InfrastMfgTask-4
2024-05-21 00:32:19,572 - MaaCore[INFO][原子任务开始]@82f32d18877aa5a0-ProcessTask-4
2024-05-21 00:32:19,923 - MaaCore[INFO][原子任务完成]@82f32d18877aa5a0-ProcessTask-4
2024-05-21 00:32:21,101 - MaaCore[INFO][原子任务额外信息]@
2024-05-21 00:32:23,102 - MaaCore[INFO][原子任务开始]@82f32d18877aa5a0-ProcessTask-4
2024-05-21 00:32:26,203 - MaaCore[INFO][原子任务完成]@82f32d18877aa5a0-ProcessTask-4
2024-05-21 00:32:26,479 - MaaCore[INFO][连接相关信息]@82f32d18877aa5a0-ScreencapCost
2024-05-21 00:32:27,046 - MaaCore[INFO][原子任务开始]@82f32d18877aa5a0-ProcessTask-4
2024-05-21 00:32:27,046 - MaaCore[INFO][原子任务完成]@82f32d18877aa5a0-ProcessTask-4
2024-05-21 00:32:27,891 - MaaCore[INFO][原子任务开始]@82f32d18877aa5a0-ProcessTask-4
2024-05-21 00:32:27,991 - MaaCore[INFO][原子任务完成]@82f32d18877aa5a0-ProcessTask-4
2024-05-21 00:32:28,900 - MaaCore[INFO][原子任务开始]@82f32d18877aa5a0-ProcessTask-4
2024-05-21 00:32:29,000 - MaaCore[INFO][原子任务完成]@82f32d18877aa5a0-ProcessTask-4
2024-05-21 00:32:29,937 - MaaCore[INFO][原子任务开始]@82f32d18877aa5a0-ProcessTask-4
2024-05-21 00:32:30,038 - MaaCore[INFO][原子任务完成]@82f32d18877aa5a0-ProcessTask-4
2024-05-21 00:32:30,940 - MaaCore[INFO][原子任务开始]@82f32d18877aa5a0-ProcessTask-4
2024-05-21 00:32:31,040 - MaaCore[INFO][原子任务完成]@82f32d18877aa5a0-ProcessTask-4
2024-05-21 00:32:31,873 - MaaCore[INFO][原子任务开始]@82f32d18877aa5a0-ProcessTask-4
2024-05-21 00:32:31,973 - MaaCore[INFO][原子任务完成]@82f32d18877aa5a0-ProcessTask-4
2024-05-21 00:32:32,474 - MaaCore[INFO][原子任务开始]@82f32d18877aa5a0-ProcessTask-4
2024-05-21 00:32:32,474 - MaaCore[INFO][原子任务完成]@82f32d18877aa5a0-ProcessTask-4
2024-05-21 00:32:32,474 - MaaCore[INFO][原子任务开始]@82f32d18877aa5a0-ProcessTask-4
2024-05-21 00:32:32,825 - MaaCore[INFO][原子任务完成]@82f32d18877aa5a0-ProcessTask-4
2024-05-21 00:32:34,009 - MaaCore[INFO][原子任务额外信息]@
2024-05-21 00:32:36,010 - MaaCore[INFO][原子任务开始]@82f32d18877aa5a0-ProcessTask-4
2024-05-21 00:32:39,111 - MaaCore[INFO][原子任务完成]@82f32d18877aa5a0-ProcessTask-4
2024-05-21 00:32:44,089 - MaaCore[INFO][原子任务额外信息]@
2024-05-21 00:32:46,063 - MaaCore[INFO][原子任务开始]@82f32d18877aa5a0-ProcessTask-4
2024-05-21 00:32:47,164 - MaaCore[INFO][原子任务完成]@82f32d18877aa5a0-ProcessTask-4
2024-05-21 00:32:47,494 - MaaCore[INFO][连接相关信息]@82f32d18877aa5a0-ScreencapCost
2024-05-21 00:32:48,453 - MaaCore[INFO][原子任务开始]@82f32d18877aa5a0-ProcessTask-4
2024-05-21 00:32:49,404 - MaaCore[INFO][原子任务完成]@82f32d18877aa5a0-ProcessTask-4
2024-05-21 00:32:50,252 - MaaCore[INFO][原子任务开始]@82f32d18877aa5a0-ProcessTask-4
2024-05-21 00:32:51,204 - MaaCore[INFO][原子任务完成]@82f32d18877aa5a0-ProcessTask-4
2024-05-21 00:32:52,066 - MaaCore[INFO][原子任务开始]@82f32d18877aa5a0-ProcessTask-4
2024-05-21 00:32:53,018 - MaaCore[INFO][原子任务完成]@82f32d18877aa5a0-ProcessTask-4
2024-05-21 00:32:53,804 - MaaCore[INFO][原子任务开始]@82f32d18877aa5a0-ProcessTask-4
2024-05-21 00:32:54,755 - MaaCore[INFO][原子任务完成]@82f32d18877aa5a0-ProcessTask-4
2024-05-21 00:32:55,483 - MaaCore[INFO][原子任务开始]@82f32d18877aa5a0-ProcessTask-4
2024-05-21 00:32:56,434 - MaaCore[INFO][原子任务完成]@82f32d18877aa5a0-ProcessTask-4
2024-05-21 00:32:57,336 - MaaCore[INFO][原子任务开始]@82f32d18877aa5a0-ProcessTask-4
2024-05-21 00:32:58,287 - MaaCore[INFO][原子任务完成]@82f32d18877aa5a0-ProcessTask-4
2024-05-21 00:32:58,997 - MaaCore[INFO][原子任务开始]@82f32d18877aa5a0-ProcessTask-4
2024-05-21 00:32:59,949 - MaaCore[INFO][原子任务完成]@82f32d18877aa5a0-ProcessTask-4
2024-05-21 00:33:00,513 - MaaCore[INFO][原子任务开始]@82f32d18877aa5a0-ProcessTask-4
2024-05-21 00:33:00,864 - MaaCore[INFO][原子任务完成]@82f32d18877aa5a0-ProcessTask-4
2024-05-21 00:33:00,865 - MaaCore[INFO][原子任务开始]@82f32d18877aa5a0-ProcessTask-4
2024-05-21 00:33:01,215 - MaaCore[INFO][原子任务完成]@82f32d18877aa5a0-ProcessTask-4
2024-05-21 00:33:01,215 - MaaCore[INFO][原子任务开始]@82f32d18877aa5a0-ProcessTask-4
2024-05-21 00:33:01,566 - MaaCore[INFO][原子任务完成]@82f32d18877aa5a0-ProcessTask-4
2024-05-21 00:33:01,567 - MaaCore[INFO][原子任务开始]@82f32d18877aa5a0-ProcessTask-4
2024-05-21 00:33:01,917 - MaaCore[INFO][原子任务完成]@82f32d18877aa5a0-ProcessTask-4
2024-05-21 00:33:01,918 - MaaCore[INFO][原子任务开始]@82f32d18877aa5a0-ProcessTask-4
2024-05-21 00:33:02,268 - MaaCore[INFO][原子任务完成]@82f32d18877aa5a0-ProcessTask-4
2024-05-21 00:33:02,269 - MaaCore[INFO][原子任务开始]@82f32d18877aa5a0-ProcessTask-4
2024-05-21 00:33:03,269 - MaaCore[INFO][原子任务完成]@82f32d18877aa5a0-ProcessTask-4
2024-05-21 00:33:04,345 - MaaCore[INFO][原子任务开始]@82f32d18877aa5a0-ProcessTask-4
2024-05-21 00:33:05,297 - MaaCore[INFO][原子任务完成]@82f32d18877aa5a0-ProcessTask-4
2024-05-21 00:33:05,625 - MaaCore[INFO][连接相关信息]@82f32d18877aa5a0-ScreencapCost
2024-05-21 00:33:06,406 - MaaCore[INFO][原子任务开始]@82f32d18877aa5a0-ProcessTask-4
2024-05-21 00:33:06,757 - MaaCore[INFO][原子任务完成]@82f32d18877aa5a0-ProcessTask-4
2024-05-21 00:33:06,757 - MaaCore[INFO][原子任务开始]@82f32d18877aa5a0-ProcessTask-4
2024-05-21 00:33:07,108 - MaaCore[INFO][原子任务完成]@82f32d18877aa5a0-ProcessTask-4
2024-05-21 00:33:07,108 - MaaCore[INFO][原子任务开始]@82f32d18877aa5a0-ProcessTask-4
2024-05-21 00:33:08,108 - MaaCore[INFO][原子任务完成]@82f32d18877aa5a0-ProcessTask-4
2024-05-21 00:33:08,442 - MaaCore[INFO][原子任务开始]@82f32d18877aa5a0-ProcessTask-4
2024-05-21 00:33:10,044 - MaaCore[INFO][原子任务完成]@82f32d18877aa5a0-ProcessTask-4
2024-05-21 00:33:10,396 - MaaCore[INFO][原子任务开始]@82f32d18877aa5a0-ProcessTask-4
2024-05-21 00:33:11,997 - MaaCore[INFO][原子任务完成]@82f32d18877aa5a0-ProcessTask-4
2024-05-21 00:33:12,479 - MaaCore[INFO][原子任务开始]@82f32d18877aa5a0-ProcessTask-4
2024-05-21 00:33:13,080 - MaaCore[INFO][原子任务完成]@82f32d18877aa5a0-ProcessTask-4
2024-05-21 00:33:14,085 - MaaCore[INFO][原子任务开始]@82f32d18877aa5a0-ProcessTask-4
2024-05-21 00:33:14,086 - MaaCore[INFO][原子任务完成]@82f32d18877aa5a0-ProcessTask-4
2024-05-21 00:33:14,086 - MaaCore[INFO][原子任务额外信息]@
2024-05-21 00:33:18,697 - MaaCore[INFO][原子任务额外信息]@
2024-05-21 00:33:20,695 - MaaCore[INFO][原子任务开始]@82f32d18877aa5a0-ProcessTask-4
2024-05-21 00:33:21,796 - MaaCore[INFO][原子任务完成]@82f32d18877aa5a0-ProcessTask-4
2024-05-21 00:33:24,314 - MaaCore[INFO][原子任务开始]@82f32d18877aa5a0-ProcessTask-4
2024-05-21 00:33:25,266 - MaaCore[INFO][原子任务完成]@82f32d18877aa5a0-ProcessTask-4
2024-05-21 00:33:25,601 - MaaCore[INFO][连接相关信息]@82f32d18877aa5a0-ScreencapCost
2024-05-21 00:33:26,233 - MaaCore[INFO][原子任务开始]@82f32d18877aa5a0-ProcessTask-4
2024-05-21 00:33:27,184 - MaaCore[INFO][原子任务完成]@82f32d18877aa5a0-ProcessTask-4
2024-05-21 00:33:28,052 - MaaCore[INFO][原子任务开始]@82f32d18877aa5a0-ProcessTask-4
2024-05-21 00:33:29,003 - MaaCore[INFO][原子任务完成]@82f32d18877aa5a0-ProcessTask-4
2024-05-21 00:33:30,036 - MaaCore[INFO][原子任务开始]@82f32d18877aa5a0-ProcessTask-4
2024-05-21 00:33:30,387 - MaaCore[INFO][原子任务完成]@82f32d18877aa5a0-ProcessTask-4
2024-05-21 00:33:30,387 - MaaCore[INFO][原子任务开始]@82f32d18877aa5a0-ProcessTask-4
2024-05-21 00:33:30,738 - MaaCore[INFO][原子任务完成]@82f32d18877aa5a0-ProcessTask-4
2024-05-21 00:33:30,739 - MaaCore[INFO][原子任务开始]@82f32d18877aa5a0-ProcessTask-4
2024-05-21 00:33:31,089 - MaaCore[INFO][原子任务完成]@82f32d18877aa5a0-ProcessTask-4
2024-05-21 00:33:31,090 - MaaCore[INFO][原子任务开始]@82f32d18877aa5a0-ProcessTask-4
2024-05-21 00:33:31,440 - MaaCore[INFO][原子任务完成]@82f32d18877aa5a0-ProcessTask-4
2024-05-21 00:33:31,441 - MaaCore[INFO][原子任务开始]@82f32d18877aa5a0-ProcessTask-4
2024-05-21 00:33:32,441 - MaaCore[INFO][原子任务完成]@82f32d18877aa5a0-ProcessTask-4
2024-05-21 00:33:32,909 - MaaCore[INFO][原子任务开始]@82f32d18877aa5a0-ProcessTask-4
2024-05-21 00:33:34,510 - MaaCore[INFO][原子任务完成]@82f32d18877aa5a0-ProcessTask-4
2024-05-21 00:33:34,903 - MaaCore[INFO][原子任务开始]@82f32d18877aa5a0-ProcessTask-4
2024-05-21 00:33:36,504 - MaaCore[INFO][原子任务完成]@82f32d18877aa5a0-ProcessTask-4
2024-05-21 00:33:37,016 - MaaCore[INFO][原子任务开始]@82f32d18877aa5a0-ProcessTask-4
2024-05-21 00:33:37,617 - MaaCore[INFO][原子任务完成]@82f32d18877aa5a0-ProcessTask-4
2024-05-21 00:33:38,516 - MaaCore[INFO][原子任务开始]@82f32d18877aa5a0-ProcessTask-4
2024-05-21 00:33:38,516 - MaaCore[INFO][原子任务完成]@82f32d18877aa5a0-ProcessTask-4
2024-05-21 00:33:38,517 - MaaCore[INFO][原子任务额外信息]@
2024-05-21 00:33:43,050 - MaaCore[INFO][原子任务额外信息]@
2024-05-21 00:33:45,009 - MaaCore[INFO][原子任务开始]@82f32d18877aa5a0-ProcessTask-4
2024-05-21 00:33:46,110 - MaaCore[INFO][原子任务完成]@82f32d18877aa5a0-ProcessTask-4
2024-05-21 00:33:46,895 - MaaCore[INFO][连接相关信息]@82f32d18877aa5a0-ScreencapCost
2024-05-21 00:33:48,612 - MaaCore[INFO][原子任务开始]@82f32d18877aa5a0-ProcessTask-4
2024-05-21 00:33:49,564 - MaaCore[INFO][原子任务完成]@82f32d18877aa5a0-ProcessTask-4
2024-05-21 00:33:50,639 - MaaCore[INFO][原子任务开始]@82f32d18877aa5a0-ProcessTask-4
2024-05-21 00:33:50,990 - MaaCore[INFO][原子任务完成]@82f32d18877aa5a0-ProcessTask-4
2024-05-21 00:33:50,990 - MaaCore[INFO][原子任务开始]@82f32d18877aa5a0-ProcessTask-4
2024-05-21 00:33:51,341 - MaaCore[INFO][原子任务完成]@82f32d18877aa5a0-ProcessTask-4
2024-05-21 00:33:51,341 - MaaCore[INFO][原子任务开始]@82f32d18877aa5a0-ProcessTask-4
2024-05-21 00:33:52,341 - MaaCore[INFO][原子任务完成]@82f32d18877aa5a0-ProcessTask-4
2024-05-21 00:33:52,685 - MaaCore[INFO][原子任务开始]@82f32d18877aa5a0-ProcessTask-4
2024-05-21 00:33:54,286 - MaaCore[INFO][原子任务完成]@82f32d18877aa5a0-ProcessTask-4
2024-05-21 00:33:54,670 - MaaCore[INFO][原子任务开始]@82f32d18877aa5a0-ProcessTask-4
2024-05-21 00:33:56,271 - MaaCore[INFO][原子任务完成]@82f32d18877aa5a0-ProcessTask-4
2024-05-21 00:33:56,782 - MaaCore[INFO][原子任务开始]@82f32d18877aa5a0-ProcessTask-4
2024-05-21 00:33:57,383 - MaaCore[INFO][原子任务完成]@82f32d18877aa5a0-ProcessTask-4
2024-05-21 00:33:58,253 - MaaCore[INFO][原子任务开始]@82f32d18877aa5a0-ProcessTask-4
2024-05-21 00:33:58,253 - MaaCore[INFO][原子任务完成]@82f32d18877aa5a0-ProcessTask-4
2024-05-21 00:33:58,254 - MaaCore[INFO][原子任务额外信息]@
