2024-05-20 23:17:09,505 - ReMaa[INFO]Ä£ÄâÆ÷ÒÑÆô¶¯
2024-05-20 23:17:11,273 - ReMaa[INFO]Á¬½Ó³É¹¦
2024-05-20 23:30:54,429 - ReMaa[INFO]Ä£ÄâÆ÷ÒÑÆô¶¯
2024-05-20 23:30:56,637 - ReMaa[INFO]Á¬½Ó³É¹¦
2024-05-20 23:43:00,652 - ReMaa[INFO]Ä£ÄâÆ÷ÒÑÆô¶¯
2024-05-20 23:43:02,440 - ReMaa[INFO]Á¬½Ó³É¹¦
2024-05-20 23:46:16,163 - ReMaa[INFO]Ä£ÄâÆ÷ÒÑÆô¶¯
2024-05-20 23:46:18,276 - ReMaa[INFO]Á¬½Ó³É¹¦
2024-05-20 23:50:19,726 - ReMaa[INFO]Ä£ÄâÆ÷ÒÑÆô¶¯
2024-05-20 23:50:21,847 - ReMaa[INFO]Á¬½Ó³É¹¦
2024-05-20 23:51:09,349 - [36mReMaa[0m[[35mINFO[0m][32mÄ£ÄâÆ÷ÒÑÆô¶¯[0m
2024-05-20 23:51:11,101 - [36mReMaa[0m[[35mINFO[0m][32mÁ¬½Ó³É¹¦[0m
2024-05-20 23:51:55,596 - ReMaa[INFO]Ä£ÄâÆ÷ÒÑÆô¶¯
2024-05-20 23:51:57,384 - ReMaa[INFO]Á¬½Ó³É¹¦
2024-05-20 23:53:15,397 - ReMaa[INFO]Ä£ÄâÆ÷ÒÑÆô¶¯
2024-05-20 23:53:17,481 - ReMaa[INFO]Á¬½Ó³É¹¦
2024-05-20 23:53:36,538 - ReMaa[INFO]Ä£ÄâÆ÷ÒÑÆô¶¯
2024-05-20 23:53:38,707 - ReMaa[INFO]Á¬½Ó³É¹¦
2024-05-20 23:53:46,144 - ReMaa[WARNING]ÈÎÎñÒÑÍ£Ö¹
2024-05-21 00:28:30,567 - ReMaa[INFO]Ä£ÄâÆ÷ÒÑÆô¶¯
2024-05-21 00:28:32,620 - ReMaa[INFO]Á¬½Ó³É¹¦
2024-05-21 00:28:38,857 - ReMaa[WARNING]ÈÎÎñÒÑÍ£Ö¹
2024-05-21 00:29:08,216 - ReMaa[INFO]Ä£ÄâÆ÷ÒÑÆô¶¯
2024-05-21 00:29:10,111 - ReMaa[INFO]Á¬½Ó³É¹¦
2024-05-21 00:30:11,368 - ReMaa[WARNING]ÈÎÎñÒÑÍ£Ö¹
2024-05-21 00:30:20,923 - ReMaa[INFO]Ä£ÄâÆ÷ÒÑÆô¶¯
2024-05-21 00:30:22,737 - ReMaa[INFO]Á¬½Ó³É¹¦
