2024-05-21 00:04:03,151 - SqliteDB[INFO]Data with Syntax 10 inserted into user_data
2024-05-21 00:12:38,664 - SqliteDB[INFO]Data self updated in user_data, status set to disabled
2024-05-21 00:13:15,972 - SqliteDB[INFO]Data self updated in user_data, status set to Enabled
2024-05-21 00:13:33,309 - SqliteDB[INFO]Data self updated in user_data, status set to Disabled
2024-05-21 00:13:33,310 - SqliteDB[INFO]Data 微信代肝 updated in user_data, status set to Disabled
2024-05-21 00:13:33,310 - SqliteDB[INFO]Data 逍遥自在 updated in user_data, status set to Disabled
2024-05-21 00:13:33,310 - SqliteDB[INFO]Data 玉质时钟 updated in user_data, status set to Disabled
2024-05-21 00:13:33,310 - SqliteDB[INFO]Data 高市代肝 updated in user_data, status set to Disabled
2024-05-21 00:13:33,311 - SqliteDB[INFO]Data 花开彼岸生的大号 updated in user_data, status set to Disabled
2024-05-21 00:13:33,311 - SqliteDB[INFO]Data 花开彼岸生的小号 updated in user_data, status set to Disabled
2024-05-21 00:13:33,311 - SqliteDB[INFO]Data ZephyR updated in user_data, status set to Disabled
2024-05-21 00:13:33,311 - SqliteDB[INFO]Data 璃鸳鸳鸳鸳 updated in user_data, status set to Disabled
2024-05-21 00:13:43,703 - SqliteDB[INFO]Data self updated in user_data, status set to Enabled
2024-05-21 00:13:43,703 - SqliteDB[INFO]Data 微信代肝 updated in user_data, status set to Enabled
2024-05-21 00:13:43,703 - SqliteDB[INFO]Data 逍遥自在 updated in user_data, status set to Enabled
2024-05-21 00:13:43,703 - SqliteDB[INFO]Data 玉质时钟 updated in user_data, status set to Enabled
2024-05-21 00:13:43,703 - SqliteDB[INFO]Data 高市代肝 updated in user_data, status set to Enabled
2024-05-21 00:13:43,703 - SqliteDB[INFO]Data 花开彼岸生的大号 updated in user_data, status set to Enabled
2024-05-21 00:13:43,703 - SqliteDB[INFO]Data 花开彼岸生的小号 updated in user_data, status set to Enabled
2024-05-21 00:13:43,703 - SqliteDB[INFO]Data ZephyR updated in user_data, status set to Enabled
2024-05-21 00:13:43,703 - SqliteDB[INFO]Data 璃鸳鸳鸳鸳 updated in user_data, status set to Enabled
2024-05-21 00:26:07,910 - SqliteDB[INFO]Data with Syntax 10 inserted into user_data
2024-05-21 00:26:07,912 - SqliteDB[INFO]Default scheme data with uuid e4138697d4ba0413e7fed26c9eb8d424805a9f3198cdfd515d9827d09be992b2 inserted into user_scheme
2024-05-21 00:26:21,446 - SqliteDB[INFO]Data e4138697d4ba0413e7fed26c9eb8d424805a9f3198cdfd515d9827d09be992b2 deleted from user_data
2024-05-21 00:26:21,448 - SqliteDB[INFO]Data e4138697d4ba0413e7fed26c9eb8d424805a9f3198cdfd515d9827d09be992b2 deleted from user_scheme
2024-05-21 00:27:22,375 - SqliteDB[INFO]Data 9834876dcfb05cb167a5c24953eba58c4ac89b1adf57f28f2f9d09af107ee8f0 deleted from user_data
2024-05-21 00:27:22,375 - SqliteDB[INFO]Data 9834876dcfb05cb167a5c24953eba58c4ac89b1adf57f28f2f9d09af107ee8f0 deleted from user_scheme
2024-05-21 00:29:39,762 - SqliteDB[INFO]Data 花开彼岸生的大号 updated in user_data, status set to Disabled
2024-05-21 00:29:46,538 - SqliteDB[INFO]Data 花开彼岸生的小号 updated in user_data, status set to Disabled
